2018/10/10 21:16 period data error :找不到期间数据:
2018/10/10 21:16 period data error :找不到期间数据:xxx
2018/10/10 21:18 period data error :找不到期间数据:xxx
2018/10/10 21:19 period data error :找不到期间数据:xxx
2018/10/10 21:19 建模:{xxx 23 xxx  },time:0.0329121 Seconds
2018/10/10 21:19 period data error :找不到期间数据:xxx
2018/10/10 21:19 建模:{xxx 23 xxx  },time:0.0009978 Seconds
2018/10/10 21:20 period data error :找不到期间数据:xxx
2018/10/10 21:20 建模:{xxx 23 xxx  },time:0.0339087 Seconds
2018/10/10 21:23 period data error :找不到期间数据:xxx
2018/10/10 21:23 建模:{xxx 23 xxx  },time:0.0340276 Seconds
2018/10/10 21:34 period data error :找不到期间数据:01e853a6209917d0a536239008801889
2018/10/10 21:34 建模:{01e8540222821a80b07587e5212ef539 01e857fa4eaf1ac0b60977b104b785a6 01e853a6209917d0a536239008801889  },time:0.0398937 Seconds
2018/10/10 21:34 period data error :找不到期间数据:01e853a6209917d0a536239008801889
2018/10/10 21:34 建模:{01e8540222821a80b07587e5212ef539 01e857fa4eaf1ac0b60977b104b785a6 01e853a6209917d0a536239008801889  },time:0.00199 Seconds
2018/10/10 21:34 period data error :找不到期间数据:01e853a6209917d0a536239008801889
2018/10/10 21:34 建模:{01e8540222821a80b07587e5212ef539 01e857fa4eaf1ac0b60977b104b785a6 01e853a6209917d0a536239008801889  },time:0.0009982 Seconds
2018/10/10 21:34 period data error :找不到期间数据:01e853a6209917d0a536239008801889
2018/10/10 21:34 建模:{01e8540222821a80b07587e5212ef539 01e857fa4eaf1ac0b60977b104b785a6 01e853a6209917d0a536239008801889  },time:0.0019918 Seconds
2018/10/10 21:34 period data error :找不到期间数据:01e853a6209917d0a536239008801889
2018/10/10 21:34 建模:{01e8540222821a80b07587e5212ef539 01e857fa4eaf1ac0b60977b104b785a6 01e853a6209917d0a536239008801889  },time:0.0009945 Seconds
2018/10/10 21:35 获取期间数据,time:0.057848 Seconds
2018/10/10 21:35 model data error :找不到模型数据:
2018/10/10 21:35 建模:{01e8540222821a80b07587e5212ef539 01e857fa4eaf1ac0b60977b104b785a6 01e8c96d7545194098e7fbc2cd213758  },time:0.0757975 Seconds
2018/10/10 21:35 获取期间数据,time:0.001994 Seconds
2018/10/10 21:35 model data error :找不到模型数据:
2018/10/10 21:35 建模:{01e8540222821a80b07587e5212ef539 01e8adb7f5bf1f30bd3691c48987e20a 01e8c96d7545194098e7fbc2cd213758  },time:0.0029925 Seconds
2018/10/10 21:35 获取期间数据,time:0.0019933 Seconds
2018/10/10 21:35 获取模型数据:5条,time:0.0299524 Seconds
2018/10/10 21:35 获取模型数据:14条,time:0.0189174 Seconds
2018/10/10 21:36 查询业务数据:2条,time:12.8316938 Seconds
2018/10/10 21:36 处理业务数据,time:0 Seconds
2018/10/10 21:36 业务数据建模:1条,time:0.0010273 Seconds
2018/10/10 21:36 财务数据建模:0条,time:0 Seconds
2018/10/10 21:36 查询业务数据:2条,time:1.0202703 Seconds
2018/10/10 21:36 处理业务数据,time:0 Seconds
2018/10/10 21:36 业务数据建模:1条,time:0 Seconds
2018/10/10 21:36 财务数据建模:0条,time:0 Seconds
2018/10/10 21:36 查询业务数据:0条,time:0.4388268 Seconds
2018/10/10 21:36 处理业务数据,time:0 Seconds
2018/10/10 21:36 业务数据建模:0条,time:0 Seconds
2018/10/10 21:36 财务数据建模:0条,time:0 Seconds
2018/10/10 21:36 查询业务数据:0条,time:0.4328723 Seconds
2018/10/10 21:36 处理业务数据,time:0 Seconds
2018/10/10 21:36 业务数据建模:0条,time:0.000969 Seconds
2018/10/10 21:36 财务数据建模:0条,time:0 Seconds
2018/10/10 21:36 业务数据建模:0条,time:0 Seconds
2018/10/10 21:36 查询财务数据:1条,time:0.0199476 Seconds
2018/10/10 21:36 处理财务数据,time:0 Seconds
2018/10/10 21:36 财务数据建模:1条,time:0.0009966 Seconds
2018/10/10 21:36 建模:{01e853947bda16d0bffe63bae7ec2c3b 01e8adb7f5bf1f30bd3691c48987e20a 01e8c96d7545194098e7fbc2cd213758  },time:14.9689766 Seconds
