2018/10/13 21:03 注册 /api/amiba/models 路由成功
2018/10/13 21:03 缓存价表成功 6 条：ent=01e853947bda16d0bffe63bae7ec2c3b,purpose=01e8adb7f5bf1f30bd3691c48987e20a
2018/10/13 21:03 注册 /api/amiba/prices 路由成功
2018/10/13 21:08 注册 /api/amiba/models 路由成功
2018/10/13 21:08 缓存价表成功 6 条：ent=01e853947bda16d0bffe63bae7ec2c3b,purpose=01e8adb7f5bf1f30bd3691c48987e20a
2018/10/13 21:08 注册 /api/amiba/prices 路由成功
2018/10/13 21:08 企业:演示企业,核算目的:主核算目的,期间:201809,取得模型数据=1条,time:0.1029176 Seconds
2018/10/13 21:08 企业:演示企业,核算目的:主核算目的,模型:集团财务,开始业务数据和财务数据建模...
2018/10/13 21:08 查询业务数据:2条,time:16.0011509 Seconds
2018/10/13 21:08 处理业务数据,time:0 Seconds
2018/10/13 21:08 企业:演示企业,核算目的:主核算目的,模型:集团财务,业务数据建模:1条,time:0 Seconds
2018/10/13 21:08 企业:演示企业,核算目的:主核算目的,模型:集团财务,财务数据建模:0条,time:0 Seconds
2018/10/13 21:08 查询业务数据:2条,time:1.0117403 Seconds
2018/10/13 21:08 处理业务数据,time:0 Seconds
2018/10/13 21:08 企业:演示企业,核算目的:主核算目的,模型:集团财务,业务数据建模:1条,time:0 Seconds
2018/10/13 21:08 企业:演示企业,核算目的:主核算目的,模型:集团财务,财务数据建模:0条,time:0 Seconds
2018/10/13 21:08 查询业务数据:0条,time:0.4135874 Seconds
2018/10/13 21:08 处理业务数据,time:0 Seconds
2018/10/13 21:08 企业:演示企业,核算目的:主核算目的,模型:集团财务,业务数据建模:0条,time:0 Seconds
2018/10/13 21:08 企业:演示企业,核算目的:主核算目的,模型:集团财务,财务数据建模:0条,time:0 Seconds
2018/10/13 21:08 查询业务数据:0条,time:0.4528407 Seconds
2018/10/13 21:08 处理业务数据,time:0 Seconds
2018/10/13 21:08 企业:演示企业,核算目的:主核算目的,模型:集团财务,业务数据建模:0条,time:0 Seconds
2018/10/13 21:08 企业:演示企业,核算目的:主核算目的,模型:集团财务,财务数据建模:0条,time:0 Seconds
2018/10/13 21:08 企业:演示企业,核算目的:主核算目的,模型:集团财务,业务数据建模:0条,time:0 Seconds
2018/10/13 21:08 查询财务数据:1条,time:0.0034163 Seconds
2018/10/13 21:08 处理财务数据,time:0 Seconds
2018/10/13 21:08 企业:演示企业,核算目的:主核算目的,模型:集团财务,财务数据建模:1条,time:0 Seconds
2018/10/13 21:08 企业:演示企业,核算目的:主核算目的,模型:集团财务,数据建模完成:3条,time:17.9144467 Seconds
2018/10/13 21:08 企业:演示企业,核算目的:主核算目的,模型:集团财务,期间:201809,删除上次建模数据,time:0.1831364 Seconds
2018/10/13 21:08 企业:演示企业,核算目的:主核算目的,模型:集团财务,期间:201809,处理数据分组完成:原始数据3条,time:0 Seconds
2018/10/13 21:08 企业:演示企业,核算目的:主核算目的,模型:集团财务,期间:201809,插入单据头数据:3条,time:0.0170405 Seconds
2018/10/13 21:08 企业:演示企业,核算目的:主核算目的,模型:集团财务,期间:201809,插入单据行数据:3条,time:0.0159949 Seconds
2018/10/13 21:08 企业:演示企业,核算目的:主核算目的,期间:201810,取得模型数据=1条,time:0.0019579 Seconds
2018/10/13 21:08 企业:演示企业,核算目的:主核算目的,模型:集团财务,开始业务数据和财务数据建模...
2018/10/13 21:08 查询业务数据:0条,time:0.4226327 Seconds
2018/10/13 21:08 处理业务数据,time:0 Seconds
2018/10/13 21:08 企业:演示企业,核算目的:主核算目的,模型:集团财务,业务数据建模:0条,time:0 Seconds
2018/10/13 21:08 企业:演示企业,核算目的:主核算目的,模型:集团财务,财务数据建模:0条,time:0 Seconds
2018/10/13 21:08 查询业务数据:0条,time:0.4297727 Seconds
2018/10/13 21:08 处理业务数据,time:0 Seconds
2018/10/13 21:08 企业:演示企业,核算目的:主核算目的,模型:集团财务,业务数据建模:0条,time:0 Seconds
2018/10/13 21:08 企业:演示企业,核算目的:主核算目的,模型:集团财务,财务数据建模:0条,time:0 Seconds
2018/10/13 21:08 查询业务数据:0条,time:0.4406308 Seconds
2018/10/13 21:08 处理业务数据,time:0 Seconds
2018/10/13 21:08 企业:演示企业,核算目的:主核算目的,模型:集团财务,业务数据建模:0条,time:0 Seconds
2018/10/13 21:08 企业:演示企业,核算目的:主核算目的,模型:集团财务,财务数据建模:0条,time:0 Seconds
2018/10/13 21:08 查询业务数据:0条,time:0.4207888 Seconds
2018/10/13 21:08 处理业务数据,time:0 Seconds
2018/10/13 21:08 企业:演示企业,核算目的:主核算目的,模型:集团财务,业务数据建模:0条,time:0 Seconds
2018/10/13 21:08 企业:演示企业,核算目的:主核算目的,模型:集团财务,财务数据建模:0条,time:0 Seconds
2018/10/13 21:08 企业:演示企业,核算目的:主核算目的,模型:集团财务,业务数据建模:0条,time:0 Seconds
2018/10/13 21:08 查询财务数据:0条,time:0 Seconds
2018/10/13 21:08 处理财务数据,time:0 Seconds
2018/10/13 21:08 企业:演示企业,核算目的:主核算目的,模型:集团财务,财务数据建模:0条,time:0 Seconds
2018/10/13 21:08 企业:演示企业,核算目的:主核算目的,模型:集团财务,数据建模完成:0条,time:1.7334201999999999 Seconds
2018/10/13 21:08 企业:演示企业,核算目的:主核算目的,模型:集团财务,期间:201810,删除上次建模数据,time:0.0009974 Seconds
2018/10/13 21:08 企业:演示企业,核算目的:主核算目的,期间:[01e8c96d7545194098e7fbc2cd213758 01e8c96d75491ac0872529b275cf558c],模型:[01e8c96e09e81cf0bb17d36822329c03],time:19.971906 Seconds
2018/10/13 21:23 注册 /api/amiba/models 路由成功
2018/10/13 21:23 缓存价表成功 6 条：ent=01e853947bda16d0bffe63bae7ec2c3b,purpose=01e8adb7f5bf1f30bd3691c48987e20a
2018/10/13 21:23 注册 /api/amiba/prices 路由成功
2018/10/13 21:23 企业:演示企业,核算目的:主核算目的,期间:201809,取得模型数据=1条,time:0.0039615 Seconds
2018/10/13 21:23 企业:演示企业,核算目的:主核算目的,模型:集团财务,开始业务数据和财务数据建模...
2018/10/13 21:23 企业:演示企业,核算:主核算目的,模型:01e8c96e09f118808c80a7b2e692aaf5,期间:201809,查询业务数据:2条,time:1.0369362 Seconds
2018/10/13 21:23 企业:演示企业,核算:主核算目的,模型:01e8c96e09f118808c80a7b2e692aaf5,期间:201809,处理业务数据:1条,time:0 Seconds
2018/10/13 21:23 企业:演示企业,核算目的:主核算目的,模型:集团财务,业务数据建模:1条,time:0 Seconds
2018/10/13 21:23 企业:演示企业,核算目的:主核算目的,模型:集团财务,财务数据建模:0条,time:0 Seconds
2018/10/13 21:23 企业:演示企业,核算:主核算目的,模型:01e8c96e09f51a40810d154a4cbaf56c,期间:201809,查询业务数据:2条,time:1.0635227 Seconds
2018/10/13 21:23 企业:演示企业,核算:主核算目的,模型:01e8c96e09f51a40810d154a4cbaf56c,期间:201809,处理业务数据:1条,time:0 Seconds
2018/10/13 21:23 企业:演示企业,核算目的:主核算目的,模型:集团财务,业务数据建模:1条,time:0 Seconds
2018/10/13 21:23 企业:演示企业,核算目的:主核算目的,模型:集团财务,财务数据建模:0条,time:0 Seconds
2018/10/13 21:23 企业:演示企业,核算:主核算目的,模型:01e8c96e09f91a40aa98fde8501c3c18,期间:201809,查询业务数据:0条,time:0.4547516 Seconds
2018/10/13 21:23 企业:演示企业,核算:主核算目的,模型:01e8c96e09f91a40aa98fde8501c3c18,期间:201809,处理业务数据:0条,time:0 Seconds
2018/10/13 21:23 企业:演示企业,核算目的:主核算目的,模型:集团财务,业务数据建模:0条,time:0 Seconds
2018/10/13 21:23 企业:演示企业,核算目的:主核算目的,模型:集团财务,财务数据建模:0条,time:0 Seconds
2018/10/13 21:23 企业:演示企业,核算:主核算目的,模型:01e8c96e0a0012a0afd053a25c94e70a,期间:201809,查询业务数据:0条,time:0.4495936 Seconds
2018/10/13 21:23 企业:演示企业,核算:主核算目的,模型:01e8c96e0a0012a0afd053a25c94e70a,期间:201809,处理业务数据:0条,time:0 Seconds
2018/10/13 21:23 企业:演示企业,核算目的:主核算目的,模型:集团财务,业务数据建模:0条,time:0 Seconds
2018/10/13 21:23 企业:演示企业,核算目的:主核算目的,模型:集团财务,财务数据建模:0条,time:0 Seconds
2018/10/13 21:23 企业:演示企业,核算目的:主核算目的,模型:集团财务,业务数据建模:0条,time:0 Seconds
2018/10/13 21:23 企业:演示企业,核算:主核算目的,模型:01e8c978a3531640acce1f24248aef5a,期间:201809,查询财务数据:1条,time:0.0010521 Seconds
2018/10/13 21:23 企业:演示企业,核算:主核算目的,模型:01e8c978a3531640acce1f24248aef5a,期间:201809,处理财务数据:1条,time:0 Seconds
2018/10/13 21:23 企业:演示企业,核算目的:主核算目的,模型:集团财务,财务数据建模:1条,time:0 Seconds
2018/10/13 21:23 企业:演示企业,核算目的:主核算目的,模型:集团财务,数据建模完成:3条,time:3.0185531 Seconds
2018/10/13 21:23 企业:演示企业,核算目的:主核算目的,模型:集团财务,期间:201809,删除上次建模数据,time:0.0500298 Seconds
2018/10/13 21:23 企业:演示企业,核算目的:主核算目的,模型:集团财务,期间:201809,处理数据分组完成:原始数据3条,time:0 Seconds
2018/10/13 21:23 企业:演示企业,核算:主核算目的,模型:集团财务,期间:201809,插入单据头数据:3条,time:0.0337359 Seconds
2018/10/13 21:23 企业:演示企业,核算目的:主核算目的,模型:集团财务,期间:201809,插入单据行数据:3条,time:0.0246577 Seconds
2018/10/13 21:23 企业:演示企业,核算目的:主核算目的,期间:201810,取得模型数据=1条,time:0.0015211 Seconds
2018/10/13 21:23 企业:演示企业,核算目的:主核算目的,模型:集团财务,开始业务数据和财务数据建模...
2018/10/13 21:24 企业:演示企业,核算:主核算目的,模型:01e8c96e09f118808c80a7b2e692aaf5,期间:201810,查询业务数据:0条,time:0.4394422 Seconds
2018/10/13 21:24 企业:演示企业,核算:主核算目的,模型:01e8c96e09f118808c80a7b2e692aaf5,期间:201810,处理业务数据:0条,time:0 Seconds
2018/10/13 21:24 企业:演示企业,核算目的:主核算目的,模型:集团财务,业务数据建模:0条,time:0 Seconds
2018/10/13 21:24 企业:演示企业,核算目的:主核算目的,模型:集团财务,财务数据建模:0条,time:0 Seconds
2018/10/13 21:24 企业:演示企业,核算:主核算目的,模型:01e8c96e09f51a40810d154a4cbaf56c,期间:201810,查询业务数据:0条,time:0.4405035 Seconds
2018/10/13 21:24 企业:演示企业,核算:主核算目的,模型:01e8c96e09f51a40810d154a4cbaf56c,期间:201810,处理业务数据:0条,time:0 Seconds
2018/10/13 21:24 企业:演示企业,核算目的:主核算目的,模型:集团财务,业务数据建模:0条,time:0 Seconds
2018/10/13 21:24 企业:演示企业,核算目的:主核算目的,模型:集团财务,财务数据建模:0条,time:0 Seconds
2018/10/13 21:24 企业:演示企业,核算:主核算目的,模型:01e8c96e09f91a40aa98fde8501c3c18,期间:201810,查询业务数据:0条,time:0.4224423 Seconds
2018/10/13 21:24 企业:演示企业,核算:主核算目的,模型:01e8c96e09f91a40aa98fde8501c3c18,期间:201810,处理业务数据:0条,time:0 Seconds
2018/10/13 21:24 企业:演示企业,核算目的:主核算目的,模型:集团财务,业务数据建模:0条,time:0 Seconds
2018/10/13 21:24 企业:演示企业,核算目的:主核算目的,模型:集团财务,财务数据建模:0条,time:0 Seconds
2018/10/13 21:24 企业:演示企业,核算:主核算目的,模型:01e8c96e0a0012a0afd053a25c94e70a,期间:201810,查询业务数据:0条,time:0.4214008 Seconds
2018/10/13 21:24 企业:演示企业,核算:主核算目的,模型:01e8c96e0a0012a0afd053a25c94e70a,期间:201810,处理业务数据:0条,time:0 Seconds
2018/10/13 21:24 企业:演示企业,核算目的:主核算目的,模型:集团财务,业务数据建模:0条,time:0 Seconds
2018/10/13 21:24 企业:演示企业,核算目的:主核算目的,模型:集团财务,财务数据建模:0条,time:0 Seconds
2018/10/13 21:24 企业:演示企业,核算目的:主核算目的,模型:集团财务,业务数据建模:0条,time:0 Seconds
2018/10/13 21:24 企业:演示企业,核算:主核算目的,模型:01e8c978a3531640acce1f24248aef5a,期间:201810,查询财务数据:0条,time:0 Seconds
2018/10/13 21:24 企业:演示企业,核算:主核算目的,模型:01e8c978a3531640acce1f24248aef5a,期间:201810,处理财务数据:0条,time:0 Seconds
2018/10/13 21:24 企业:演示企业,核算目的:主核算目的,模型:集团财务,财务数据建模:0条,time:0 Seconds
2018/10/13 21:24 企业:演示企业,核算目的:主核算目的,模型:集团财务,数据建模完成:0条,time:1.7440052000000001 Seconds
2018/10/13 21:24 企业:演示企业,核算目的:主核算目的,模型:集团财务,期间:201810,删除上次建模数据,time:0.0009835 Seconds
2018/10/13 21:24 企业:演示企业,核算目的:主核算目的,期间:[01e8c96d7545194098e7fbc2cd213758 01e8c96d75491ac0872529b275cf558c],模型:[01e8c96e09e81cf0bb17d36822329c03],time:4.8887099 Seconds
2018/10/13 21:30 注册 /api/amiba/models 路由成功
2018/10/13 21:30 缓存价表成功 6 条：ent=01e853947bda16d0bffe63bae7ec2c3b,purpose=01e8adb7f5bf1f30bd3691c48987e20a
2018/10/13 21:30 注册 /api/amiba/prices 路由成功
2018/10/13 21:30 企业:演示企业,核算:主核算目的,期间:201809,取得模型数据=1条,time:0.003099 Seconds
2018/10/13 21:30 企业:演示企业,核算:主核算目的,模型:集团财务,开始业务数据和财务数据建模...
2018/10/13 21:30 企业:演示企业,核算:主核算目的,模型:01e8c96e09f118808c80a7b2e692aaf5,期间:201809,查询业务数据:2条,time:1.0135786 Seconds
2018/10/13 21:30 企业:演示企业,核算:主核算目的,模型:01e8c96e09f118808c80a7b2e692aaf5,期间:201809,处理业务数据:1条,time:0 Seconds
2018/10/13 21:30 企业:演示企业,核算:主核算目的,模型:集团财务,业务数据建模:1条,time:0 Seconds
2018/10/13 21:30 企业:演示企业,核算:主核算目的,模型:集团财务,财务数据建模:0条,time:0 Seconds
2018/10/13 21:30 企业:演示企业,核算:主核算目的,模型:01e8c96e09f51a40810d154a4cbaf56c,期间:201809,查询业务数据:2条,time:1.0356975 Seconds
2018/10/13 21:30 企业:演示企业,核算:主核算目的,模型:01e8c96e09f51a40810d154a4cbaf56c,期间:201809,处理业务数据:1条,time:0 Seconds
2018/10/13 21:30 企业:演示企业,核算:主核算目的,模型:集团财务,业务数据建模:1条,time:0.0009985 Seconds
2018/10/13 21:30 企业:演示企业,核算:主核算目的,模型:集团财务,财务数据建模:0条,time:0 Seconds
2018/10/13 21:30 企业:演示企业,核算:主核算目的,模型:01e8c96e09f91a40aa98fde8501c3c18,期间:201809,查询业务数据:0条,time:0.4558095 Seconds
2018/10/13 21:30 企业:演示企业,核算:主核算目的,模型:01e8c96e09f91a40aa98fde8501c3c18,期间:201809,处理业务数据:0条,time:0 Seconds
2018/10/13 21:30 企业:演示企业,核算:主核算目的,模型:集团财务,业务数据建模:0条,time:0 Seconds
2018/10/13 21:30 企业:演示企业,核算:主核算目的,模型:集团财务,财务数据建模:0条,time:0 Seconds
2018/10/13 21:30 企业:演示企业,核算:主核算目的,模型:01e8c96e0a0012a0afd053a25c94e70a,期间:201809,查询业务数据:0条,time:0.4545747 Seconds
2018/10/13 21:30 企业:演示企业,核算:主核算目的,模型:01e8c96e0a0012a0afd053a25c94e70a,期间:201809,处理业务数据:0条,time:0 Seconds
2018/10/13 21:30 企业:演示企业,核算:主核算目的,模型:集团财务,业务数据建模:0条,time:0 Seconds
2018/10/13 21:30 企业:演示企业,核算:主核算目的,模型:集团财务,财务数据建模:0条,time:0 Seconds
2018/10/13 21:30 企业:演示企业,核算:主核算目的,模型:集团财务,业务数据建模:0条,time:0 Seconds
2018/10/13 21:30 企业:演示企业,核算:主核算目的,模型:01e8c978a3531640acce1f24248aef5a,期间:201809,查询财务数据:1条,time:0.0010353 Seconds
2018/10/13 21:30 企业:演示企业,核算:主核算目的,模型:01e8c978a3531640acce1f24248aef5a,期间:201809,处理财务数据:1条,time:0 Seconds
2018/10/13 21:30 企业:演示企业,核算:主核算目的,模型:集团财务,财务数据建模:1条,time:0 Seconds
2018/10/13 21:30 企业:演示企业,核算:主核算目的,模型:集团财务,数据建模完成:3条,time:2.9761391 Seconds
2018/10/13 21:30 企业:演示企业,核算:主核算目的,模型:集团财务,期间:201809,删除上次建模数据,time:0.0492075 Seconds
2018/10/13 21:30 企业:演示企业,核算:主核算目的,模型:集团财务,期间:201809,处理数据分组完成:原始数据3条,time:0 Seconds
2018/10/13 21:30 企业:演示企业,核算:主核算目的,模型:集团财务,期间:201809,插入单据头数据:3条,time:0.0335448 Seconds
2018/10/13 21:30 企业:演示企业,核算:主核算目的,模型:集团财务,期间:201809,插入单据行数据:3条,time:0.0176946 Seconds
2018/10/13 21:30 企业:演示企业,核算:主核算目的,期间:201810,取得模型数据=1条,time:0.0009952 Seconds
2018/10/13 21:30 企业:演示企业,核算:主核算目的,模型:集团财务,开始业务数据和财务数据建模...
2018/10/13 21:30 企业:演示企业,核算:主核算目的,模型:01e8c96e09f118808c80a7b2e692aaf5,期间:201810,查询业务数据:0条,time:0.4487994 Seconds
2018/10/13 21:30 企业:演示企业,核算:主核算目的,模型:01e8c96e09f118808c80a7b2e692aaf5,期间:201810,处理业务数据:0条,time:0 Seconds
2018/10/13 21:30 企业:演示企业,核算:主核算目的,模型:集团财务,业务数据建模:0条,time:0 Seconds
2018/10/13 21:30 企业:演示企业,核算:主核算目的,模型:集团财务,财务数据建模:0条,time:0 Seconds
2018/10/13 21:30 企业:演示企业,核算:主核算目的,模型:01e8c96e09f51a40810d154a4cbaf56c,期间:201810,查询业务数据:0条,time:0.4398142 Seconds
2018/10/13 21:30 企业:演示企业,核算:主核算目的,模型:01e8c96e09f51a40810d154a4cbaf56c,期间:201810,处理业务数据:0条,time:0 Seconds
2018/10/13 21:30 企业:演示企业,核算:主核算目的,模型:集团财务,业务数据建模:0条,time:0 Seconds
2018/10/13 21:30 企业:演示企业,核算:主核算目的,模型:集团财务,财务数据建模:0条,time:0 Seconds
2018/10/13 21:30 企业:演示企业,核算:主核算目的,模型:01e8c96e09f91a40aa98fde8501c3c18,期间:201810,查询业务数据:0条,time:0.4373356 Seconds
2018/10/13 21:30 企业:演示企业,核算:主核算目的,模型:01e8c96e09f91a40aa98fde8501c3c18,期间:201810,处理业务数据:0条,time:0 Seconds
2018/10/13 21:30 企业:演示企业,核算:主核算目的,模型:集团财务,业务数据建模:0条,time:0 Seconds
2018/10/13 21:30 企业:演示企业,核算:主核算目的,模型:集团财务,财务数据建模:0条,time:0 Seconds
2018/10/13 21:30 企业:演示企业,核算:主核算目的,模型:01e8c96e0a0012a0afd053a25c94e70a,期间:201810,查询业务数据:0条,time:0.4524837 Seconds
2018/10/13 21:30 企业:演示企业,核算:主核算目的,模型:01e8c96e0a0012a0afd053a25c94e70a,期间:201810,处理业务数据:0条,time:0 Seconds
2018/10/13 21:30 企业:演示企业,核算:主核算目的,模型:集团财务,业务数据建模:0条,time:0 Seconds
2018/10/13 21:30 企业:演示企业,核算:主核算目的,模型:集团财务,财务数据建模:0条,time:0 Seconds
2018/10/13 21:30 企业:演示企业,核算:主核算目的,模型:集团财务,业务数据建模:0条,time:0 Seconds
2018/10/13 21:30 企业:演示企业,核算:主核算目的,模型:01e8c978a3531640acce1f24248aef5a,期间:201810,查询财务数据:0条,time:0 Seconds
2018/10/13 21:30 企业:演示企业,核算:主核算目的,模型:01e8c978a3531640acce1f24248aef5a,期间:201810,处理财务数据:0条,time:0 Seconds
2018/10/13 21:30 企业:演示企业,核算:主核算目的,模型:集团财务,财务数据建模:0条,time:0 Seconds
2018/10/13 21:30 企业:演示企业,核算:主核算目的,模型:集团财务,数据建模完成:0条,time:1.7793975 Seconds
2018/10/13 21:30 企业:演示企业,核算:主核算目的,模型:集团财务,期间:201810,删除上次建模数据,time:0 Seconds
2018/10/13 21:30 企业:演示企业,核算目的:主核算目的,期间:[01e8c96d7545194098e7fbc2cd213758 01e8c96d75491ac0872529b275cf558c],模型:[01e8c96e09e81cf0bb17d36822329c03],time:4.8622008 Seconds
2018/10/13 22:37 注册 /api/amiba/models 路由成功
2018/10/13 22:37 缓存价表成功 6 条：ent=01e853947bda16d0bffe63bae7ec2c3b,purpose=01e8adb7f5bf1f30bd3691c48987e20a
2018/10/13 22:37 注册 /api/amiba/prices 路由成功
2018/10/13 22:37 企业:演示企业,核算:主核算目的,期间:201809,取得模型数据=1条,time:0.0059839 Seconds
2018/10/13 22:37 企业:演示企业,核算:主核算目的,模型:集团财务,开始业务数据和财务数据建模...
2018/10/13 22:37 企业:演示企业,核算:主核算目的,模型:01e8c96e09f118808c80a7b2e692aaf5,期间:201809,查询业务数据:2条,time:1.1186846 Seconds
2018/10/13 22:37 企业:演示企业,核算:主核算目的,模型:01e8c96e09f118808c80a7b2e692aaf5,期间:201809,处理业务数据:1条,time:0 Seconds
2018/10/13 22:37 企业:演示企业,核算:主核算目的,模型:集团财务,业务数据建模:1条,time:0 Seconds
2018/10/13 22:37 企业:演示企业,核算:主核算目的,模型:集团财务,财务数据建模:0条,time:0 Seconds
2018/10/13 22:37 企业:演示企业,核算:主核算目的,模型:01e8c96e09f51a40810d154a4cbaf56c,期间:201809,查询业务数据:2条,time:1.0594763 Seconds
2018/10/13 22:37 企业:演示企业,核算:主核算目的,模型:01e8c96e09f51a40810d154a4cbaf56c,期间:201809,处理业务数据:1条,time:0 Seconds
2018/10/13 22:37 企业:演示企业,核算:主核算目的,模型:集团财务,业务数据建模:1条,time:0 Seconds
2018/10/13 22:37 企业:演示企业,核算:主核算目的,模型:集团财务,财务数据建模:0条,time:0 Seconds
2018/10/13 22:37 企业:演示企业,核算:主核算目的,模型:01e8c96e09f91a40aa98fde8501c3c18,期间:201809,查询业务数据:0条,time:0.4577193 Seconds
2018/10/13 22:37 企业:演示企业,核算:主核算目的,模型:01e8c96e09f91a40aa98fde8501c3c18,期间:201809,处理业务数据:0条,time:0 Seconds
2018/10/13 22:37 企业:演示企业,核算:主核算目的,模型:集团财务,业务数据建模:0条,time:0 Seconds
2018/10/13 22:37 企业:演示企业,核算:主核算目的,模型:集团财务,财务数据建模:0条,time:0 Seconds
2018/10/13 22:37 企业:演示企业,核算:主核算目的,模型:01e8c96e0a0012a0afd053a25c94e70a,期间:201809,查询业务数据:0条,time:0.444737 Seconds
2018/10/13 22:37 企业:演示企业,核算:主核算目的,模型:01e8c96e0a0012a0afd053a25c94e70a,期间:201809,处理业务数据:0条,time:0 Seconds
2018/10/13 22:37 企业:演示企业,核算:主核算目的,模型:集团财务,业务数据建模:0条,time:0 Seconds
2018/10/13 22:37 企业:演示企业,核算:主核算目的,模型:集团财务,财务数据建模:0条,time:0 Seconds
2018/10/13 22:37 企业:演示企业,核算:主核算目的,模型:集团财务,业务数据建模:0条,time:0 Seconds
2018/10/13 22:37 企业:演示企业,核算:主核算目的,模型:01e8c978a3531640acce1f24248aef5a,期间:201809,查询财务数据:1条,time:0.0009985 Seconds
2018/10/13 22:37 企业:演示企业,核算:主核算目的,模型:01e8c978a3531640acce1f24248aef5a,期间:201809,处理财务数据:1条,time:0 Seconds
2018/10/13 22:37 企业:演示企业,核算:主核算目的,模型:集团财务,财务数据建模:1条,time:0 Seconds
2018/10/13 22:37 企业:演示企业,核算:主核算目的,模型:集团财务,数据建模完成:3条,time:3.1121354 Seconds
2018/10/13 22:37 企业:演示企业,核算:主核算目的,模型:集团财务,期间:201809,删除上次建模数据,time:0.0531934 Seconds
2018/10/13 22:37 企业:演示企业,核算:主核算目的,模型:集团财务,期间:201809,处理数据分组完成:原始数据3条,time:0 Seconds
2018/10/13 22:37 企业:演示企业,核算:主核算目的,模型:集团财务,期间:201809,插入单据头数据:3条,time:0.0332173 Seconds
2018/10/13 22:37 企业:演示企业,核算:主核算目的,模型:集团财务,期间:201809,插入单据行数据:3条,time:0.0170831 Seconds
2018/10/13 22:37 企业:演示企业,核算:主核算目的,期间:201810,取得模型数据=1条,time:0.001276 Seconds
2018/10/13 22:37 企业:演示企业,核算:主核算目的,模型:集团财务,开始业务数据和财务数据建模...
2018/10/13 22:37 企业:演示企业,核算:主核算目的,模型:01e8c96e09f118808c80a7b2e692aaf5,期间:201810,查询业务数据:0条,time:0.4323195 Seconds
2018/10/13 22:37 企业:演示企业,核算:主核算目的,模型:01e8c96e09f118808c80a7b2e692aaf5,期间:201810,处理业务数据:0条,time:0 Seconds
2018/10/13 22:37 企业:演示企业,核算:主核算目的,模型:集团财务,业务数据建模:0条,time:0 Seconds
2018/10/13 22:37 企业:演示企业,核算:主核算目的,模型:集团财务,财务数据建模:0条,time:0 Seconds
2018/10/13 22:37 企业:演示企业,核算:主核算目的,模型:01e8c96e09f51a40810d154a4cbaf56c,期间:201810,查询业务数据:0条,time:0.4541324 Seconds
2018/10/13 22:37 企业:演示企业,核算:主核算目的,模型:01e8c96e09f51a40810d154a4cbaf56c,期间:201810,处理业务数据:0条,time:0 Seconds
2018/10/13 22:37 企业:演示企业,核算:主核算目的,模型:集团财务,业务数据建模:0条,time:0 Seconds
2018/10/13 22:37 企业:演示企业,核算:主核算目的,模型:集团财务,财务数据建模:0条,time:0 Seconds
2018/10/13 22:37 企业:演示企业,核算:主核算目的,模型:01e8c96e09f91a40aa98fde8501c3c18,期间:201810,查询业务数据:0条,time:0.4346008 Seconds
2018/10/13 22:37 企业:演示企业,核算:主核算目的,模型:01e8c96e09f91a40aa98fde8501c3c18,期间:201810,处理业务数据:0条,time:0 Seconds
2018/10/13 22:37 企业:演示企业,核算:主核算目的,模型:集团财务,业务数据建模:0条,time:0 Seconds
2018/10/13 22:37 企业:演示企业,核算:主核算目的,模型:集团财务,财务数据建模:0条,time:0 Seconds
2018/10/13 22:37 企业:演示企业,核算:主核算目的,模型:01e8c96e0a0012a0afd053a25c94e70a,期间:201810,查询业务数据:0条,time:0.4296027 Seconds
2018/10/13 22:37 企业:演示企业,核算:主核算目的,模型:01e8c96e0a0012a0afd053a25c94e70a,期间:201810,处理业务数据:0条,time:0 Seconds
2018/10/13 22:37 企业:演示企业,核算:主核算目的,模型:集团财务,业务数据建模:0条,time:0 Seconds
2018/10/13 22:37 企业:演示企业,核算:主核算目的,模型:集团财务,财务数据建模:0条,time:0 Seconds
2018/10/13 22:37 企业:演示企业,核算:主核算目的,模型:集团财务,业务数据建模:0条,time:0 Seconds
2018/10/13 22:37 企业:演示企业,核算:主核算目的,模型:01e8c978a3531640acce1f24248aef5a,期间:201810,查询财务数据:0条,time:0 Seconds
2018/10/13 22:37 企业:演示企业,核算:主核算目的,模型:01e8c978a3531640acce1f24248aef5a,期间:201810,处理财务数据:0条,time:0 Seconds
2018/10/13 22:37 企业:演示企业,核算:主核算目的,模型:集团财务,财务数据建模:0条,time:0 Seconds
2018/10/13 22:37 企业:演示企业,核算:主核算目的,模型:集团财务,数据建模完成:0条,time:1.7629963 Seconds
2018/10/13 22:37 企业:演示企业,核算:主核算目的,模型:集团财务,期间:201810,删除上次建模数据,time:0.0011917 Seconds
2018/10/13 22:37 企业:演示企业,核算目的:主核算目的,期间:[01e8c96d7545194098e7fbc2cd213758 01e8c96d75491ac0872529b275cf558c],模型:[01e8c96e09e81cf0bb17d36822329c03],time:4.9907759 Seconds
2018/10/13 22:37 企业:演示企业,核算:主核算目的,期间:201809,取得模型数据=1条,time:0.0019958 Seconds
2018/10/13 22:37 企业:演示企业,核算:主核算目的,模型:集团财务,开始业务数据和财务数据建模...
2018/10/13 22:37 企业:演示企业,核算:主核算目的,模型:01e8c96e09f118808c80a7b2e692aaf5,期间:201809,查询业务数据:2条,time:1.0558945 Seconds
2018/10/13 22:37 企业:演示企业,核算:主核算目的,模型:01e8c96e09f118808c80a7b2e692aaf5,期间:201809,处理业务数据:1条,time:0 Seconds
2018/10/13 22:37 企业:演示企业,核算:主核算目的,模型:集团财务,业务数据建模:1条,time:0 Seconds
2018/10/13 22:37 企业:演示企业,核算:主核算目的,模型:集团财务,财务数据建模:0条,time:0 Seconds
2018/10/13 22:37 企业:演示企业,核算:主核算目的,模型:01e8c96e09f51a40810d154a4cbaf56c,期间:201809,查询业务数据:2条,time:1.0405833 Seconds
2018/10/13 22:37 企业:演示企业,核算:主核算目的,模型:01e8c96e09f51a40810d154a4cbaf56c,期间:201809,处理业务数据:1条,time:0 Seconds
2018/10/13 22:37 企业:演示企业,核算:主核算目的,模型:集团财务,业务数据建模:1条,time:0 Seconds
2018/10/13 22:37 企业:演示企业,核算:主核算目的,模型:集团财务,财务数据建模:0条,time:0 Seconds
2018/10/13 22:37 企业:演示企业,核算:主核算目的,模型:01e8c96e09f91a40aa98fde8501c3c18,期间:201809,查询业务数据:0条,time:0.4428082 Seconds
2018/10/13 22:37 企业:演示企业,核算:主核算目的,模型:01e8c96e09f91a40aa98fde8501c3c18,期间:201809,处理业务数据:0条,time:0 Seconds
2018/10/13 22:37 企业:演示企业,核算:主核算目的,模型:集团财务,业务数据建模:0条,time:0 Seconds
2018/10/13 22:37 企业:演示企业,核算:主核算目的,模型:集团财务,财务数据建模:0条,time:0 Seconds
2018/10/13 22:37 企业:演示企业,核算:主核算目的,模型:01e8c96e0a0012a0afd053a25c94e70a,期间:201809,查询业务数据:0条,time:0.4301821 Seconds
2018/10/13 22:37 企业:演示企业,核算:主核算目的,模型:01e8c96e0a0012a0afd053a25c94e70a,期间:201809,处理业务数据:0条,time:0 Seconds
2018/10/13 22:37 企业:演示企业,核算:主核算目的,模型:集团财务,业务数据建模:0条,time:0 Seconds
2018/10/13 22:37 企业:演示企业,核算:主核算目的,模型:集团财务,财务数据建模:0条,time:0 Seconds
2018/10/13 22:37 企业:演示企业,核算:主核算目的,模型:集团财务,业务数据建模:0条,time:0 Seconds
2018/10/13 22:37 企业:演示企业,核算:主核算目的,模型:01e8c978a3531640acce1f24248aef5a,期间:201809,查询财务数据:1条,time:0.0009974 Seconds
2018/10/13 22:37 企业:演示企业,核算:主核算目的,模型:01e8c978a3531640acce1f24248aef5a,期间:201809,处理财务数据:1条,time:0 Seconds
2018/10/13 22:37 企业:演示企业,核算:主核算目的,模型:集团财务,财务数据建模:1条,time:0 Seconds
2018/10/13 22:37 企业:演示企业,核算:主核算目的,模型:集团财务,数据建模完成:3条,time:2.9923208 Seconds
2018/10/13 22:37 企业:演示企业,核算:主核算目的,模型:集团财务,期间:201809,删除上次建模数据,time:0.0450137 Seconds
2018/10/13 22:37 企业:演示企业,核算:主核算目的,模型:集团财务,期间:201809,处理数据分组完成:原始数据3条,time:0 Seconds
2018/10/13 22:37 企业:演示企业,核算:主核算目的,模型:集团财务,期间:201809,插入单据头数据:3条,time:0.025006 Seconds
2018/10/13 22:37 企业:演示企业,核算:主核算目的,模型:集团财务,期间:201809,插入单据行数据:3条,time:0.017179 Seconds
2018/10/13 22:37 企业:演示企业,核算:主核算目的,期间:201810,取得模型数据=1条,time:0.0009981 Seconds
2018/10/13 22:37 企业:演示企业,核算:主核算目的,模型:集团财务,开始业务数据和财务数据建模...
2018/10/13 22:37 企业:演示企业,核算:主核算目的,模型:01e8c96e09f118808c80a7b2e692aaf5,期间:201810,查询业务数据:0条,time:0.443753 Seconds
2018/10/13 22:37 企业:演示企业,核算:主核算目的,模型:01e8c96e09f118808c80a7b2e692aaf5,期间:201810,处理业务数据:0条,time:0 Seconds
2018/10/13 22:37 企业:演示企业,核算:主核算目的,模型:集团财务,业务数据建模:0条,time:0 Seconds
2018/10/13 22:37 企业:演示企业,核算:主核算目的,模型:集团财务,财务数据建模:0条,time:0 Seconds
2018/10/13 22:37 企业:演示企业,核算:主核算目的,模型:01e8c96e09f51a40810d154a4cbaf56c,期间:201810,查询业务数据:0条,time:0.4360745 Seconds
2018/10/13 22:37 企业:演示企业,核算:主核算目的,模型:01e8c96e09f51a40810d154a4cbaf56c,期间:201810,处理业务数据:0条,time:0 Seconds
2018/10/13 22:37 企业:演示企业,核算:主核算目的,模型:集团财务,业务数据建模:0条,time:0 Seconds
2018/10/13 22:37 企业:演示企业,核算:主核算目的,模型:集团财务,财务数据建模:0条,time:0 Seconds
2018/10/13 22:37 企业:演示企业,核算:主核算目的,模型:01e8c96e09f91a40aa98fde8501c3c18,期间:201810,查询业务数据:0条,time:0.4471569 Seconds
2018/10/13 22:37 企业:演示企业,核算:主核算目的,模型:01e8c96e09f91a40aa98fde8501c3c18,期间:201810,处理业务数据:0条,time:0 Seconds
2018/10/13 22:37 企业:演示企业,核算:主核算目的,模型:集团财务,业务数据建模:0条,time:0 Seconds
2018/10/13 22:37 企业:演示企业,核算:主核算目的,模型:集团财务,财务数据建模:0条,time:0 Seconds
2018/10/13 22:37 企业:演示企业,核算:主核算目的,模型:01e8c96e0a0012a0afd053a25c94e70a,期间:201810,查询业务数据:0条,time:0.4514758 Seconds
2018/10/13 22:37 企业:演示企业,核算:主核算目的,模型:01e8c96e0a0012a0afd053a25c94e70a,期间:201810,处理业务数据:0条,time:0 Seconds
2018/10/13 22:37 企业:演示企业,核算:主核算目的,模型:集团财务,业务数据建模:0条,time:0 Seconds
2018/10/13 22:37 企业:演示企业,核算:主核算目的,模型:集团财务,财务数据建模:0条,time:0 Seconds
2018/10/13 22:37 企业:演示企业,核算:主核算目的,模型:集团财务,业务数据建模:0条,time:0 Seconds
2018/10/13 22:37 企业:演示企业,核算:主核算目的,模型:01e8c978a3531640acce1f24248aef5a,期间:201810,查询财务数据:0条,time:0 Seconds
2018/10/13 22:37 企业:演示企业,核算:主核算目的,模型:01e8c978a3531640acce1f24248aef5a,期间:201810,处理财务数据:0条,time:0 Seconds
2018/10/13 22:37 企业:演示企业,核算:主核算目的,模型:集团财务,财务数据建模:0条,time:0 Seconds
2018/10/13 22:37 企业:演示企业,核算:主核算目的,模型:集团财务,数据建模完成:0条,time:1.7894185999999999 Seconds
2018/10/13 22:37 企业:演示企业,核算:主核算目的,模型:集团财务,期间:201810,删除上次建模数据,time:0.001214 Seconds
2018/10/13 22:37 企业:演示企业,核算目的:主核算目的,期间:[01e8c96d7545194098e7fbc2cd213758 01e8c96d75491ac0872529b275cf558c],模型:[],time:4.874143 Seconds
2018/10/13 22:43 企业:演示企业,核算:主核算目的,期间:201809,取得模型数据=1条,time:0.0009977 Seconds
2018/10/13 22:43 企业:演示企业,核算:主核算目的,模型:集团财务,开始业务数据和财务数据建模...
2018/10/13 22:43 企业:演示企业,核算:主核算目的,模型:01e8c96e09f118808c80a7b2e692aaf5,期间:201809,查询业务数据:2条,time:1.0831319 Seconds
[ERRO] 2018/10/13 22:44 企业:01e853947bda16d0bffe63bae7ec2c3b,核算:01e8adb7f5bf1f30bd3691c48987e20a,来源巴:01e8adb7f62b1c909d703f8cd385cb58,物料:G150,日期:0001-01-01 00:00:00 +0000 UTC,没有找到价格
[ERRO] 2018/10/13 22:44 企业:01e853947bda16d0bffe63bae7ec2c3b,核算:01e8adb7f5bf1f30bd3691c48987e20a,物料:G150,日期:0001-01-01 00:00:00 +0000 UTC,没有找到价格
[ERRO] 2018/10/13 22:44 企业:演示企业,核算:主核算目的,模型:01e8c96e09f118808c80a7b2e692aaf5,期间:201809,价表:,来源巴:01e8adb7f62b1c909d703f8cd385cb58,去向巴:,物料:G150,取不到价，find price:企业:01e853947bda16d0bffe63bae7ec2c3b,核算:01e8adb7f5bf1f30bd3691c48987e20a,来源巴:01e8adb7f62b1c909d703f8cd385cb58,去向巴:,物料:G150,日期:0001-01-01 00:00:00 +0000 UTC,没有找到价格
2018/10/13 22:44 企业:演示企业,核算:主核算目的,模型:01e8c96e09f118808c80a7b2e692aaf5,期间:201809,处理业务数据:0条,time:30.7069312 Seconds
2018/10/13 22:44 企业:演示企业,核算:主核算目的,模型:集团财务,业务数据建模:0条,time:30.7069312 Seconds
2018/10/13 22:44 企业:演示企业,核算:主核算目的,模型:集团财务,财务数据建模:0条,time:0 Seconds
2018/10/13 22:44 企业:演示企业,核算:主核算目的,模型:01e8c96e09f51a40810d154a4cbaf56c,期间:201809,查询业务数据:2条,time:1.0880848 Seconds
[ERRO] 2018/10/13 22:44 企业:01e853947bda16d0bffe63bae7ec2c3b,核算:01e8adb7f5bf1f30bd3691c48987e20a,来源巴:01e8adb7f62b1c909d703f8cd385cb58,物料:G150,日期:0001-01-01 00:00:00 +0000 UTC,没有找到价格
2018/10/13 22:47 注册 /api/amiba/models 路由成功
2018/10/13 22:49 缓存价表成功 6 条：ent=01e853947bda16d0bffe63bae7ec2c3b,purpose=01e8adb7f5bf1f30bd3691c48987e20a
2018/10/13 22:49 注册 /api/amiba/prices 路由成功
2018/10/13 22:50 注册 /api/amiba/models 路由成功
2018/10/13 22:51 缓存价表成功 7 条：ent=01e853947bda16d0bffe63bae7ec2c3b,purpose=01e8adb7f5bf1f30bd3691c48987e20a
2018/10/13 22:51 注册 /api/amiba/prices 路由成功
2018/10/13 22:52 企业:演示企业,核算:主核算目的,期间:201809,取得模型数据=1条,time:0.0029637 Seconds
2018/10/13 22:52 企业:演示企业,核算:主核算目的,模型:集团财务,开始业务数据和财务数据建模...
2018/10/13 22:52 企业:演示企业,核算:主核算目的,模型:01e8c96e09f118808c80a7b2e692aaf5,期间:201809,查询业务数据:2条,time:1.1040787 Seconds
[ERRO] 2018/10/13 22:52 企业:01e853947bda16d0bffe63bae7ec2c3b,核算:01e8adb7f5bf1f30bd3691c48987e20a,来源巴:01e8adb7f62b1c909d703f8cd385cb58,物料:G150,日期:0001-01-01 00:00:00 +0000 UTC,没有找到价格
[ERRO] 2018/10/13 22:52 企业:01e853947bda16d0bffe63bae7ec2c3b,核算:01e8adb7f5bf1f30bd3691c48987e20a,物料:G150,日期:0001-01-01 00:00:00 +0000 UTC,没有找到价格
[ERRO] 2018/10/13 22:52 企业:演示企业,核算:主核算目的,模型:01e8c96e09f118808c80a7b2e692aaf5,期间:201809,价表:,来源巴:01e8adb7f62b1c909d703f8cd385cb58,去向巴:,物料:G150,取不到价，find price:企业:01e853947bda16d0bffe63bae7ec2c3b,核算:01e8adb7f5bf1f30bd3691c48987e20a,来源巴:01e8adb7f62b1c909d703f8cd385cb58,去向巴:,物料:G150,日期:0001-01-01 00:00:00 +0000 UTC,没有找到价格
2018/10/13 22:52 企业:演示企业,核算:主核算目的,模型:01e8c96e09f118808c80a7b2e692aaf5,期间:201809,处理业务数据:0条,time:43.052557 Seconds
2018/10/13 22:52 企业:演示企业,核算:主核算目的,模型:集团财务,业务数据建模:0条,time:43.052557 Seconds
2018/10/13 22:52 企业:演示企业,核算:主核算目的,模型:集团财务,财务数据建模:0条,time:0 Seconds
2018/10/13 22:52 企业:演示企业,核算:主核算目的,模型:01e8c96e09f51a40810d154a4cbaf56c,期间:201809,查询业务数据:2条,time:1.0840647 Seconds
[ERRO] 2018/10/13 22:52 企业:01e853947bda16d0bffe63bae7ec2c3b,核算:01e8adb7f5bf1f30bd3691c48987e20a,来源巴:01e8adb7f62b1c909d703f8cd385cb58,物料:G150,日期:0001-01-01 00:00:00 +0000 UTC,没有找到价格
[ERRO] 2018/10/13 22:53 企业:01e853947bda16d0bffe63bae7ec2c3b,核算:01e8adb7f5bf1f30bd3691c48987e20a,物料:G150,日期:0001-01-01 00:00:00 +0000 UTC,没有找到价格
[ERRO] 2018/10/13 22:53 企业:演示企业,核算:主核算目的,模型:01e8c96e09f51a40810d154a4cbaf56c,期间:201809,价表:,来源巴:01e8adb7f62b1c909d703f8cd385cb58,去向巴:,物料:G150,取不到价，find price:企业:01e853947bda16d0bffe63bae7ec2c3b,核算:01e8adb7f5bf1f30bd3691c48987e20a,来源巴:01e8adb7f62b1c909d703f8cd385cb58,去向巴:,物料:G150,日期:0001-01-01 00:00:00 +0000 UTC,没有找到价格
2018/10/13 22:53 企业:演示企业,核算:主核算目的,模型:01e8c96e09f51a40810d154a4cbaf56c,期间:201809,处理业务数据:0条,time:14.0474527 Seconds
2018/10/13 22:53 企业:演示企业,核算:主核算目的,模型:集团财务,业务数据建模:0条,time:14.0474527 Seconds
2018/10/13 22:53 企业:演示企业,核算:主核算目的,模型:集团财务,财务数据建模:0条,time:0 Seconds
2018/10/13 22:53 企业:演示企业,核算:主核算目的,模型:01e8c96e09f91a40aa98fde8501c3c18,期间:201809,查询业务数据:0条,time:0.4647775 Seconds
2018/10/13 22:53 企业:演示企业,核算:主核算目的,模型:01e8c96e09f91a40aa98fde8501c3c18,期间:201809,处理业务数据:0条,time:0 Seconds
2018/10/13 22:53 企业:演示企业,核算:主核算目的,模型:集团财务,业务数据建模:0条,time:0 Seconds
2018/10/13 22:53 企业:演示企业,核算:主核算目的,模型:集团财务,财务数据建模:0条,time:0 Seconds
2018/10/13 22:53 企业:演示企业,核算:主核算目的,模型:01e8c96e0a0012a0afd053a25c94e70a,期间:201809,查询业务数据:0条,time:0.4717468 Seconds
2018/10/13 22:53 企业:演示企业,核算:主核算目的,模型:01e8c96e0a0012a0afd053a25c94e70a,期间:201809,处理业务数据:0条,time:0 Seconds
2018/10/13 22:53 企业:演示企业,核算:主核算目的,模型:集团财务,业务数据建模:0条,time:0 Seconds
2018/10/13 22:53 企业:演示企业,核算:主核算目的,模型:集团财务,财务数据建模:0条,time:0 Seconds
2018/10/13 22:53 企业:演示企业,核算:主核算目的,模型:集团财务,业务数据建模:0条,time:0 Seconds
2018/10/13 22:53 企业:演示企业,核算:主核算目的,模型:01e8c978a3531640acce1f24248aef5a,期间:201809,查询财务数据:1条,time:0.0009701 Seconds
2018/10/13 22:53 企业:演示企业,核算:主核算目的,模型:01e8c978a3531640acce1f24248aef5a,期间:201809,处理财务数据:1条,time:0 Seconds
2018/10/13 22:53 企业:演示企业,核算:主核算目的,模型:集团财务,财务数据建模:1条,time:0 Seconds
2018/10/13 22:53 企业:演示企业,核算:主核算目的,模型:集团财务,数据建模完成:1条,time:60.2266773 Seconds
2018/10/13 22:53 企业:演示企业,核算:主核算目的,模型:集团财务,期间:201809,删除上次建模数据,time:0.0778116 Seconds
2018/10/13 22:53 企业:演示企业,核算:主核算目的,模型:集团财务,期间:201809,处理数据分组完成:原始数据1条,time:0 Seconds
2018/10/13 22:53 企业:演示企业,核算:主核算目的,模型:集团财务,期间:201809,插入单据头数据:1条,time:0.0418681 Seconds
2018/10/13 22:53 企业:演示企业,核算:主核算目的,模型:集团财务,期间:201809,插入单据行数据:1条,time:0.0250235 Seconds
2018/10/13 22:53 企业:演示企业,核算:主核算目的,期间:201810,取得模型数据=1条,time:0.0019039 Seconds
2018/10/13 22:53 企业:演示企业,核算:主核算目的,模型:集团财务,开始业务数据和财务数据建模...
2018/10/13 22:53 企业:演示企业,核算:主核算目的,模型:01e8c96e09f118808c80a7b2e692aaf5,期间:201810,查询业务数据:0条,time:0.4697452 Seconds
2018/10/13 22:53 企业:演示企业,核算:主核算目的,模型:01e8c96e09f118808c80a7b2e692aaf5,期间:201810,处理业务数据:0条,time:0 Seconds
2018/10/13 22:53 企业:演示企业,核算:主核算目的,模型:集团财务,业务数据建模:0条,time:0 Seconds
2018/10/13 22:53 企业:演示企业,核算:主核算目的,模型:集团财务,财务数据建模:0条,time:0 Seconds
2018/10/13 22:53 企业:演示企业,核算:主核算目的,模型:01e8c96e09f51a40810d154a4cbaf56c,期间:201810,查询业务数据:0条,time:0.4558113 Seconds
2018/10/13 22:53 企业:演示企业,核算:主核算目的,模型:01e8c96e09f51a40810d154a4cbaf56c,期间:201810,处理业务数据:0条,time:0 Seconds
2018/10/13 22:53 企业:演示企业,核算:主核算目的,模型:集团财务,业务数据建模:0条,time:0 Seconds
2018/10/13 22:53 企业:演示企业,核算:主核算目的,模型:集团财务,财务数据建模:0条,time:0 Seconds
2018/10/13 22:53 企业:演示企业,核算:主核算目的,模型:01e8c96e09f91a40aa98fde8501c3c18,期间:201810,查询业务数据:0条,time:0.5156206 Seconds
2018/10/13 22:53 企业:演示企业,核算:主核算目的,模型:01e8c96e09f91a40aa98fde8501c3c18,期间:201810,处理业务数据:0条,time:0 Seconds
2018/10/13 22:53 企业:演示企业,核算:主核算目的,模型:集团财务,业务数据建模:0条,time:0 Seconds
2018/10/13 22:53 企业:演示企业,核算:主核算目的,模型:集团财务,财务数据建模:0条,time:0 Seconds
2018/10/13 22:53 企业:演示企业,核算:主核算目的,模型:01e8c96e0a0012a0afd053a25c94e70a,期间:201810,查询业务数据:0条,time:0.4747604 Seconds
2018/10/13 22:53 企业:演示企业,核算:主核算目的,模型:01e8c96e0a0012a0afd053a25c94e70a,期间:201810,处理业务数据:0条,time:0 Seconds
2018/10/13 22:53 企业:演示企业,核算:主核算目的,模型:集团财务,业务数据建模:0条,time:0 Seconds
2018/10/13 22:53 企业:演示企业,核算:主核算目的,模型:集团财务,财务数据建模:0条,time:0 Seconds
2018/10/13 22:53 企业:演示企业,核算:主核算目的,模型:集团财务,业务数据建模:0条,time:0 Seconds
2018/10/13 22:53 企业:演示企业,核算:主核算目的,模型:01e8c978a3531640acce1f24248aef5a,期间:201810,查询财务数据:0条,time:0 Seconds
2018/10/13 22:53 企业:演示企业,核算:主核算目的,模型:01e8c978a3531640acce1f24248aef5a,期间:201810,处理财务数据:0条,time:0 Seconds
2018/10/13 22:53 企业:演示企业,核算:主核算目的,模型:集团财务,财务数据建模:0条,time:0 Seconds
2018/10/13 22:53 企业:演示企业,核算:主核算目的,模型:集团财务,数据建模完成:0条,time:1.9169057 Seconds
2018/10/13 22:53 企业:演示企业,核算:主核算目的,模型:集团财务,期间:201810,删除上次建模数据,time:0 Seconds
2018/10/13 22:53 企业:演示企业,核算目的:主核算目的,期间:[01e8c96d7545194098e7fbc2cd213758 01e8c96d75491ac0872529b275cf558c],模型:[],time:62.2961467 Seconds
2018/10/13 22:53 注册 /api/amiba/models 路由成功
2018/10/13 22:53 缓存价表成功 7 条：ent=01e853947bda16d0bffe63bae7ec2c3b,purpose=01e8adb7f5bf1f30bd3691c48987e20a
2018/10/13 22:53 注册 /api/amiba/prices 路由成功
2018/10/13 22:53 企业:演示企业,核算:主核算目的,期间:201809,取得模型数据=1条,time:0.0039895 Seconds
2018/10/13 22:53 企业:演示企业,核算:主核算目的,模型:集团财务,开始业务数据和财务数据建模...
2018/10/13 22:53 企业:演示企业,核算:主核算目的,模型:01e8c96e09f118808c80a7b2e692aaf5,期间:201809,查询业务数据:2条,time:1.0831334 Seconds
[ERRO] 2018/10/13 22:53 企业:01e853947bda16d0bffe63bae7ec2c3b,核算:01e8adb7f5bf1f30bd3691c48987e20a,来源巴:01e8adb7f62b1c909d703f8cd385cb58,物料:G150,日期:0001-01-01 00:00:00 +0000 UTC,没有找到价格
